{"D:\\ReactJS\\testing\\react-testing-with-jest-master\\react-testing-with-jest-master\\starter\\CountdownTimer\\app\\components\\Clock.jsx": {"path":"D:\\ReactJS\\testing\\react-testing-with-jest-master\\react-testing-with-jest-master\\starter\\CountdownTimer\\app\\components\\Clock.jsx","statementMap":{"0":{"start":{"line":5,"column":22},"end":{"line":5,"column":40}},"1":{"start":{"line":6,"column":22},"end":{"line":6,"column":52}},"2":{"start":{"line":8,"column":8},"end":{"line":10,"column":9}},"3":{"start":{"line":9,"column":12},"end":{"line":9,"column":36}},"4":{"start":{"line":12,"column":8},"end":{"line":14,"column":9}},"5":{"start":{"line":13,"column":12},"end":{"line":13,"column":36}},"6":{"start":{"line":16,"column":8},"end":{"line":16,"column":39}},"7":{"start":{"line":20,"column":30},"end":{"line":20,"column":40}},"8":{"start":{"line":21,"column":8},"end":{"line":27,"column":10}}},"fnMap":{"0":{"name":"(anonymous_0)","decl":{"start":{"line":4,"column":4},"end":{"line":4,"column":5}},"loc":{"start":{"line":4,"column":30},"end":{"line":17,"column":5}},"line":4},"1":{"name":"(anonymous_1)","decl":{"start":{"line":19,"column":4},"end":{"line":19,"column":5}},"loc":{"start":{"line":19,"column":13},"end":{"line":28,"column":5}},"line":19}},"branchMap":{"0":{"loc":{"start":{"line":8,"column":8},"end":{"line":10,"column":9}},"type":"if","locations":[{"start":{"line":8,"column":8},"end":{"line":10,"column":9}},{"start":{"line":8,"column":8},"end":{"line":10,"column":9}}],"line":8},"1":{"loc":{"start":{"line":12,"column":8},"end":{"line":14,"column":9}},"type":"if","locations":[{"start":{"line":12,"column":8},"end":{"line":14,"column":9}},{"start":{"line":12,"column":8},"end":{"line":14,"column":9}}],"line":12}},"s":{"0":16,"1":16,"2":16,"3":11,"4":16,"5":12,"6":16,"7":14,"8":14},"f":{"0":16,"1":14},"b":{"0":[11,5],"1":[12,4]},"_coverageSchema":"332fd63041d2c1bcb487cc26dd0d5f7d97098a6c","hash":"c805abc3fa13f8d0916d0c98e123e6e84c2cfb28"}
,"D:\\ReactJS\\testing\\react-testing-with-jest-master\\react-testing-with-jest-master\\starter\\CountdownTimer\\app\\components\\Countdown.jsx": {"path":"D:\\ReactJS\\testing\\react-testing-with-jest-master\\react-testing-with-jest-master\\starter\\CountdownTimer\\app\\components\\Countdown.jsx","statementMap":{"0":{"start":{"line":7,"column":8},"end":{"line":7,"column":21}},"1":{"start":{"line":8,"column":8},"end":{"line":11,"column":10}},"2":{"start":{"line":15,"column":8},"end":{"line":17,"column":9}},"3":{"start":{"line":16,"column":12},"end":{"line":16,"column":24}},"4":{"start":{"line":21,"column":8},"end":{"line":21,"column":34}},"5":{"start":{"line":25,"column":8},"end":{"line":30,"column":17}},"6":{"start":{"line":26,"column":27},"end":{"line":26,"column":47}},"7":{"start":{"line":27,"column":12},"end":{"line":29,"column":15}},"8":{"start":{"line":35,"column":8},"end":{"line":38,"column":11}},"9":{"start":{"line":42,"column":22},"end":{"line":42,"column":32}},"10":{"start":{"line":44,"column":8},"end":{"line":49,"column":10}}},"fnMap":{"0":{"name":"(anonymous_0)","decl":{"start":{"line":6,"column":4},"end":{"line":6,"column":5}},"loc":{"start":{"line":6,"column":23},"end":{"line":12,"column":5}},"line":6},"1":{"name":"(anonymous_1)","decl":{"start":{"line":14,"column":4},"end":{"line":14,"column":5}},"loc":{"start":{"line":14,"column":45},"end":{"line":18,"column":5}},"line":14},"2":{"name":"(anonymous_2)","decl":{"start":{"line":20,"column":4},"end":{"line":20,"column":5}},"loc":{"start":{"line":20,"column":27},"end":{"line":22,"column":5}},"line":20},"3":{"name":"(anonymous_3)","decl":{"start":{"line":24,"column":4},"end":{"line":24,"column":5}},"loc":{"start":{"line":24,"column":11},"end":{"line":32,"column":5}},"line":24},"4":{"name":"(anonymous_4)","decl":{"start":{"line":25,"column":33},"end":{"line":25,"column":34}},"loc":{"start":{"line":25,"column":39},"end":{"line":30,"column":9}},"line":25},"5":{"name":"(anonymous_5)","decl":{"start":{"line":34,"column":4},"end":{"line":34,"column":5}},"loc":{"start":{"line":34,"column":36},"end":{"line":39,"column":5}},"line":34},"6":{"name":"(anonymous_6)","decl":{"start":{"line":41,"column":4},"end":{"line":41,"column":5}},"loc":{"start":{"line":41,"column":13},"end":{"line":50,"column":5}},"line":41}},"branchMap":{"0":{"loc":{"start":{"line":15,"column":8},"end":{"line":17,"column":9}},"type":"if","locations":[{"start":{"line":15,"column":8},"end":{"line":17,"column":9}},{"start":{"line":15,"column":8},"end":{"line":17,"column":9}}],"line":15},"1":{"loc":{"start":{"line":28,"column":23},"end":{"line":28,"column":51}},"type":"cond-expr","locations":[{"start":{"line":28,"column":39},"end":{"line":28,"column":47}},{"start":{"line":28,"column":50},"end":{"line":28,"column":51}}],"line":28}},"s":{"0":3,"1":3,"2":7,"3":2,"4":0,"5":2,"6":5,"7":5,"8":2,"9":10,"10":10},"f":{"0":3,"1":7,"2":0,"3":2,"4":5,"5":2,"6":10},"b":{"0":[2,5],"1":[4,1]},"_coverageSchema":"332fd63041d2c1bcb487cc26dd0d5f7d97098a6c","hash":"239707fb03485e493f19af29e1cbd46e4cd874c2"}
,"D:\\ReactJS\\testing\\react-testing-with-jest-master\\react-testing-with-jest-master\\starter\\CountdownTimer\\app\\components\\CountdownForm.jsx": {"path":"D:\\ReactJS\\testing\\react-testing-with-jest-master\\react-testing-with-jest-master\\starter\\CountdownTimer\\app\\components\\CountdownForm.jsx","statementMap":{"0":{"start":{"line":5,"column":8},"end":{"line":5,"column":27}},"1":{"start":{"line":6,"column":25},"end":{"line":6,"column":48}},"2":{"start":{"line":8,"column":8},"end":{"line":11,"column":9}},"3":{"start":{"line":9,"column":12},"end":{"line":9,"column":41}},"4":{"start":{"line":10,"column":12},"end":{"line":10,"column":68}},"5":{"start":{"line":15,"column":8},"end":{"line":22,"column":10}}},"fnMap":{"0":{"name":"(anonymous_0)","decl":{"start":{"line":4,"column":4},"end":{"line":4,"column":5}},"loc":{"start":{"line":4,"column":16},"end":{"line":12,"column":5}},"line":4},"1":{"name":"(anonymous_1)","decl":{"start":{"line":14,"column":4},"end":{"line":14,"column":5}},"loc":{"start":{"line":14,"column":13},"end":{"line":23,"column":5}},"line":14}},"branchMap":{"0":{"loc":{"start":{"line":8,"column":8},"end":{"line":11,"column":9}},"type":"if","locations":[{"start":{"line":8,"column":8},"end":{"line":11,"column":9}},{"start":{"line":8,"column":8},"end":{"line":11,"column":9}}],"line":8},"1":{"loc":{"start":{"line":8,"column":12},"end":{"line":8,"column":65}},"type":"binary-expr","locations":[{"start":{"line":8,"column":12},"end":{"line":8,"column":33}},{"start":{"line":8,"column":37},"end":{"line":8,"column":65}}],"line":8}},"s":{"0":2,"1":2,"2":2,"3":1,"4":1,"5":13},"f":{"0":2,"1":13},"b":{"0":[1,1],"1":[2,2]},"_coverageSchema":"332fd63041d2c1bcb487cc26dd0d5f7d97098a6c","hash":"5b0ac625b0a8e81de3cb40e386f2c28b5a597101"}
}
