TN:
SF:D:\ReactJS\testing\react-testing-with-jest-master\react-testing-with-jest-master\starter\CountdownTimer\app\components\Clock.jsx
FN:4,(anonymous_0)
FN:19,(anonymous_1)
FNF:2
FNH:2
FNDA:16,(anonymous_0)
FNDA:14,(anonymous_1)
DA:5,16
DA:6,16
DA:8,16
DA:9,11
DA:12,16
DA:13,12
DA:16,16
DA:20,14
DA:21,14
LF:9
LH:9
BRDA:8,0,0,11
BRDA:8,0,1,5
BRDA:12,1,0,12
BRDA:12,1,1,4
BRF:4
BRH:4
end_of_record
TN:
SF:D:\ReactJS\testing\react-testing-with-jest-master\react-testing-with-jest-master\starter\CountdownTimer\app\components\Countdown.jsx
FN:6,(anonymous_0)
FN:14,(anonymous_1)
FN:20,(anonymous_2)
FN:24,(anonymous_3)
FN:25,(anonymous_4)
FN:34,(anonymous_5)
FN:41,(anonymous_6)
FNF:7
FNH:6
FNDA:3,(anonymous_0)
FNDA:7,(anonymous_1)
FNDA:0,(anonymous_2)
FNDA:2,(anonymous_3)
FNDA:5,(anonymous_4)
FNDA:2,(anonymous_5)
FNDA:10,(anonymous_6)
DA:7,3
DA:8,3
DA:15,7
DA:16,2
DA:21,0
DA:25,2
DA:26,5
DA:27,5
DA:35,2
DA:42,10
DA:44,10
LF:11
LH:10
BRDA:15,0,0,2
BRDA:15,0,1,5
BRDA:28,1,0,4
BRDA:28,1,1,1
BRF:4
BRH:4
end_of_record
TN:
SF:D:\ReactJS\testing\react-testing-with-jest-master\react-testing-with-jest-master\starter\CountdownTimer\app\components\CountdownForm.jsx
FN:4,(anonymous_0)
FN:14,(anonymous_1)
FNF:2
FNH:2
FNDA:2,(anonymous_0)
FNDA:13,(anonymous_1)
DA:5,2
DA:6,2
DA:8,2
DA:9,1
DA:10,1
DA:15,13
LF:6
LH:6
BRDA:8,0,0,1
BRDA:8,0,1,1
BRDA:8,1,0,2
BRDA:8,1,1,2
BRF:4
BRH:4
end_of_record
